{
  "timestamp": "2025-09-25T14:56:22.021Z",
  "action": "member_added",
  "member": "Jochen Sippl",
  "email": "sepp.sippl@sippl.net",
  "qualifications": {
    "mta_absolviert": false,
    "dienstjahre_25": false,
    "dienstjahre_40": false
  }
}

{
  "timestamp": "2025-09-25T15:01:25.372Z",
  "action": "member_added",
  "member": "BBB AAA",
  "email": "adsf@net.net",
  "qualifications": {
    "mta_absolviert": false,
    "dienstjahre_25": false,
    "dienstjahre_40": false
  }
}

{
  "timestamp": "2025-09-25T15:07:24.059Z",
  "action": "member_added",
  "member": "ABC ABC",
  "email": "max@web.de",
  "qualifications": {
    "mta_absolviert": false,
    "dienstjahre_25": false,
    "dienstjahre_40": false
  }
}

{
  "timestamp": "2025-09-25T15:19:17.843Z",
  "action": "member_added",
  "member": "cab cab",
  "email": "asdf@web.de",
  "qualifications": {
    "mta_absolviert": true,
    "dienstjahre_25": true,
    "dienstjahre_40": false
  }
}

{
  "timestamp": "2025-09-25T20:01:01.611Z",
  "action": "member_added",
  "member": "Max Sippl",
  "email": "sepp.sippl@sippl.net",
  "qualifications": {
    "mta_absolviert": false,
    "dienstjahre_25": true,
    "dienstjahre_40": false
  }
}

{
  "timestamp": "2025-09-25T20:04:31.836Z",
  "action": "member_added",
  "member": "Abstimmungs Test",
  "email": "sepp.sippl@sippl.net",
  "qualifications": {
    "mta_absolviert": true,
    "dienstjahre_25": false,
    "dienstjahre_40": false
  }
}
